c:\users\huawei\source\repos\opengl_2.0\x64\release\vc142.pdb
c:\users\huawei\source\repos\opengl_2.0\x64\release\stb_image.obj
c:\users\huawei\source\repos\opengl_2.0\x64\release\shader.obj
c:\users\huawei\source\repos\opengl_2.0\x64\release\main.obj
c:\users\huawei\source\repos\opengl_2.0\x64\release\arcball.obj
c:\users\huawei\source\repos\opengl_2.0\x64\release\model.obj
c:\users\huawei\source\repos\opengl_2.0\x64\release\mesh.obj
c:\users\huawei\source\repos\opengl_2.0\x64\release\imgui_widgets.obj
c:\users\huawei\source\repos\opengl_2.0\x64\release\imgui_tables.obj
c:\users\huawei\source\repos\opengl_2.0\x64\release\imgui_draw.obj
c:\users\huawei\source\repos\opengl_2.0\x64\release\imgui_impl_opengl3.obj
c:\users\huawei\source\repos\opengl_2.0\x64\release\imgui_impl_glfw.obj
c:\users\huawei\source\repos\opengl_2.0\x64\release\imgui.obj
c:\users\huawei\source\repos\opengl_2.0\x64\release\editorui.obj
c:\users\huawei\source\repos\opengl_2.0\x64\release\glad.obj
c:\users\huawei\source\repos\opengl_2.0\x64\release\opengl_2.0.exe
c:\users\huawei\source\repos\opengl_2.0\x64\release\opengl_2.0.pdb
c:\users\huawei\source\repos\opengl_2.0\x64\release\opengl_2.0.iobj
c:\users\huawei\source\repos\opengl_2.0\x64\release\opengl_2.0.tlog\cl.command.1.tlog
c:\users\huawei\source\repos\opengl_2.0\x64\release\opengl_2.0.tlog\cl.read.1.tlog
c:\users\huawei\source\repos\opengl_2.0\x64\release\opengl_2.0.tlog\cl.write.1.tlog
c:\users\huawei\source\repos\opengl_2.0\x64\release\opengl_2.0.tlog\link.command.1.tlog
c:\users\huawei\source\repos\opengl_2.0\x64\release\opengl_2.0.tlog\link.read.1.tlog
c:\users\huawei\source\repos\opengl_2.0\x64\release\opengl_2.0.tlog\link.write.1.tlog
c:\users\huawei\source\repos\opengl_2.0\x64\release\opengl_2.0.tlog\opengl_2.0.write.1u.tlog
